app/build/outputs/logs/manifest-merger-debug-report.txt
-- Merging decision tree log ---
manifest
ADDED from src\main\AndroidManifest.xml:2:1-169:12
INJECTED from src\main\AndroidManifest.xml:2:1-169:12
INJECTED from src\main\AndroidManifest.xml:2:1-169:12
INJECTED from src\main\AndroidManifest.xml:2:1-169:12
MERGED from [com.aurelhubert:ahbottomnavigation:2.0.4] AndroidManifest.xml:2:1-13:12
MERGED from [com.github.eltos:simpledialogfragment:2.2] AndroidManifest.xml:2:1-16:12
MERGED from [com.android.support:design:26.1.0] AndroidManifest.xml:17:1-31:12
MERGED from [com.bakerj:backgrounddark-popupwindow:1.0.0] AndroidManifest.xml:2:1-18:12
MERGED from [com.android.support:appcompat-v7:26.1.0] AndroidManifest.xml:17:1-31:12
MERGED from [com.android.support.constraint:constraint-layout:1.1.3] AndroidManifest.xml:2:1-11:12
MERGED from [com.google.android.gms:play-services-maps:15.0.1] AndroidManifest.xml:17:1-32:12
MERGED from [com.google.android.gms:play-services-plus:15.0.1] AndroidManifest.xml:17:1-24:12
MERGED from [com.google.android.gms:play-services-games:15.0.1] AndroidManifest.xml:17:1-24:12
MERGED from [com.android.support:multidex:1.0.3] AndroidManifest.xml:17:1-22:12
MERGED from [com.facebook.android:facebook-android-sdk:4.0.0] AndroidManifest.xml:21:1-30:12
MERGED from [de.hdodenhof:circleimageview:1.3.0] AndroidManifest.xml:2:1-11:12
MERGED from [com.google.android.gms:play-services-audience:15.0.1] AndroidManifest.xml:17:1-24:12
MERGED from [com.google.android.gms:play-services-drive:15.0.1] AndroidManifest.xml:17:1-24:12
MERGED from [com.google.android.gms:play-services-base:15.0.1] AndroidManifest.xml:17:1-29:12
MERGED from [com.google.android.gms:play-services-tasks:15.0.1] AndroidManifest.xml:2:1-9:12
MERGED from [com.google.android.gms:play-services-basement:15.0.1] AndroidManifest.xml:17:1-28:12
MERGED from [com.android.support:transition:26.1.0] AndroidManifest.xml:17:1-28:12
MERGED from [com.android.support:support-v4:26.1.0] AndroidManifest.xml:17:1-31:12
MERGED from [com.android.support:recyclerview-v7:26.1.0] AndroidManifest.xml:17:1-28:12
MERGED from [com.android.support:animated-vector-drawable:26.1.0] AndroidManifest.xml:17:1-28:12
MERGED from [com.android.support:support-vector-drawable:26.1.0] AndroidManifest.xml:17:1-28:12
MERGED from [com.android.support:support-fragment:26.1.0] AndroidManifest.xml:17:1-31:12
MERGED from [com.android.support:support-core-ui:26.1.0] AndroidManifest.xml:17:1-31:12
MERGED from [com.android.support:support-media-compat:26.1.0] AndroidManifest.xml:17:1-31:12
MERGED from [com.android.support:support-core-utils:26.1.0] AndroidManifest.xml:17:1-31:12
MERGED from [com.android.support:support-compat:26.1.0] AndroidManifest.xml:17:1-31:12
MERGED from [android.arch.lifecycle:runtime:1.0.0] AndroidManifest.xml:17:1-30:12
INJECTED from src\main\AndroidManifest.xml:2:1-169:12
INJECTED from src\main\AndroidManifest.xml:2:1-169:12
INJECTED from src\main\AndroidManifest.xml:2:1-169:12
	package
		ADDED from src\main\AndroidManifest.xml:4:5-39
		INJECTED from src\main\AndroidManifest.xml
		INJECTED from src\main\AndroidManifest.xml
	android:versionName
		INJECTED from src\main\AndroidManifest.xml
		ADDED from src\main\AndroidManifest.xml:2:1-169:12
		INJECTED from src\main\AndroidManifest.xml
	xmlns:tools
		ADDED from src\main\AndroidManifest.xml:3:5-51
	android:versionCode
		INJECTED from src\main\AndroidManifest.xml
		ADDED from src\main\AndroidManifest.xml:2:1-169:12
		INJECTED from src\main\AndroidManifest.xml
	xmlns:android
		ADDED from src\main\AndroidManifest.xml:2:11-69
uses-permission#android.permission.INTERNET
ADDED from src\main\AndroidManifest.xml:6:5-67
MERGED from [com.google.android.gms:play-services-maps:15.0.1] AndroidManifest.xml:24:5-67
MERGED from [com.google.android.gms:play-services-maps:15.0.1] AndroidManifest.xml:24:5-67
	android:name
		ADDED from src\main\AndroidManifest.xml:6:22-64
uses-permission#android.permission.CAMERA
ADDED from src\main\AndroidManifest.xml:7:5-65
	android:name
		ADDED from src\main\AndroidManifest.xml:7:22-62
uses-permission#android.permission.WRITE_EXTERNAL_STORAGE
ADDED from src\main\AndroidManifest.xml:8:5-81
	android:name
		ADDED from src\main\AndroidManifest.xml:8:22-78
uses-permission#android.permission.ACCESS_NETWORK_STATE
ADDED from src\main\AndroidManifest.xml:9:5-79
MERGED from [com.google.android.gms:play-services-maps:15.0.1] AndroidManifest.xml:23:5-79
MERGED from [com.google.android.gms:play-services-maps:15.0.1] AndroidManifest.xml:23:5-79
	android:name
		ADDED from src\main\AndroidManifest.xml:9:22-76
uses-permission#android.permission.ACCESS_FINE_LOCATION
ADDED from src\main\AndroidManifest.xml:10:5-79
	android:name
		ADDED from src\main\AndroidManifest.xml:10:22-76
uses-permission#android.permission.CALL_PHONE
ADDED from src\main\AndroidManifest.xml:11:5-69
	android:name
		ADDED from src\main\AndroidManifest.xml:11:22-66
uses-permission#com.google.android.c2dm.permission.RECEIVE
ADDED from src\main\AndroidManifest.xml:12:5-82
	android:name
		ADDED from src\main\AndroidManifest.xml:12:22-79
uses-permission#android.permission.WAKE_LOCK
ADDED from src\main\AndroidManifest.xml:13:5-68
	android:name
		ADDED from src\main\AndroidManifest.xml:13:22-65
uses-permission#android.permission.SEND_SMS
ADDED from src\main\AndroidManifest.xml:14:5-67
	android:name
		ADDED from src\main\AndroidManifest.xml:14:22-64
uses-feature#android.hardware.telephony
ADDED from src\main\AndroidManifest.xml:16:5-18:36
	android:required
		ADDED from src\main\AndroidManifest.xml:18:9-33
	android:name
		ADDED from src\main\AndroidManifest.xml:17:9-50
meta-data#com.facebook.sdk.ApplicationId
ADDED from src\main\AndroidManifest.xml:20:5-22:44
	android:value
		ADDED from src\main\AndroidManifest.xml:22:9-41
	android:name
		ADDED from src\main\AndroidManifest.xml:21:9-54
permission#mobile.a3tech.com.a3tech.permission.C2D_MESSAGE
ADDED from src\main\AndroidManifest.xml:24:5-26:65
	android:protectionLevel
		ADDED from src\main\AndroidManifest.xml:26:9-62
	android:name
		ADDED from src\main\AndroidManifest.xml:25:9-47
uses-permission#mobile.a3tech.com.a3tech.permission.C2D_MESSAGE
ADDED from src\main\AndroidManifest.xml:28:5-63
	android:name
		ADDED from src\main\AndroidManifest.xml:28:22-60
application
ADDED from src\main\AndroidManifest.xml:30:5-167:19
MERGED from [com.aurelhubert:ahbottomnavigation:2.0.4] AndroidManifest.xml:11:5-20
MERGED from [com.aurelhubert:ahbottomnavigation:2.0.4] AndroidManifest.xml:11:5-20
MERGED from [com.github.eltos:simpledialogfragment:2.2] AndroidManifest.xml:11:5-14:19
MERGED from [com.github.eltos:simpledialogfragment:2.2] AndroidManifest.xml:11:5-14:19
MERGED from [com.android.support:design:26.1.0] AndroidManifest.xml:25:5-29:19
MERGED from [com.android.support:design:26.1.0] AndroidManifest.xml:25:5-29:19
MERGED from [com.bakerj:backgrounddark-popupwindow:1.0.0] AndroidManifest.xml:11:5-16:19
MERGED from [com.bakerj:backgrounddark-popupwindow:1.0.0] AndroidManifest.xml:11:5-16:19
MERGED from [com.android.support:appcompat-v7:26.1.0] AndroidManifest.xml:25:5-29:19
MERGED from [com.android.support:appcompat-v7:26.1.0] AndroidManifest.xml:25:5-29:19
MERGED from [com.android.support.constraint:constraint-layout:1.1.3] AndroidManifest.xml:9:5-20
MERGED from [com.android.support.constraint:constraint-layout:1.1.3] AndroidManifest.xml:9:5-20
MERGED from [com.google.android.gms:play-services-maps:15.0.1] AndroidManifest.xml:30:5-20
MERGED from [com.google.android.gms:play-services-maps:15.0.1] AndroidManifest.xml:30:5-20
MERGED from [com.google.android.gms:play-services-plus:15.0.1] AndroidManifest.xml:22:5-20
MERGED from [com.google.android.gms:play-services-plus:15.0.1] AndroidManifest.xml:22:5-20
MERGED from [com.google.android.gms:play-services-games:15.0.1] AndroidManifest.xml:22:5-20
MERGED from [com.google.android.gms:play-services-games:15.0.1] AndroidManifest.xml:22:5-20
MERGED from [com.facebook.android:facebook-android-sdk:4.0.0] AndroidManifest.xml:28:5-20
MERGED from [com.facebook.android:facebook-android-sdk:4.0.0] AndroidManifest.xml:28:5-20
MERGED from [de.hdodenhof:circleimageview:1.3.0] AndroidManifest.xml:9:5-20
MERGED from [de.hdodenhof:circleimageview:1.3.0] AndroidManifest.xml:9:5-20
MERGED from [com.google.android.gms:play-services-audience:15.0.1] AndroidManifest.xml:22:5-20
MERGED from [com.google.android.gms:play-services-audience:15.0.1] AndroidManifest.xml:22:5-20
MERGED from [com.google.android.gms:play-services-drive:15.0.1] AndroidManifest.xml:22:5-20
MERGED from [com.google.android.gms:play-services-drive:15.0.1] AndroidManifest.xml:22:5-20
MERGED from [com.google.android.gms:play-services-base:15.0.1] AndroidManifest.xml:22:5-27:19
MERGED from [com.google.android.gms:play-services-base:15.0.1] AndroidManifest.xml:22:5-27:19
MERGED from [com.google.android.gms:play-services-tasks:15.0.1] AndroidManifest.xml:7:5-20
MERGED from [com.google.android.gms:play-services-tasks:15.0.1] AndroidManifest.xml:7:5-20
MERGED from [com.google.android.gms:play-services-basement:15.0.1] AndroidManifest.xml:22:5-26:19
MERGED from [com.google.android.gms:play-services-basement:15.0.1] AndroidManifest.xml:22:5-26:19
MERGED from [com.android.support:transition:26.1.0] AndroidManifest.xml:22:5-26:19
MERGED from [com.android.support:transition:26.1.0] AndroidManifest.xml:22:5-26:19
MERGED from [com.android.support:support-v4:26.1.0] AndroidManifest.xml:25:5-29:19
MERGED from [com.android.support:support-v4:26.1.0] AndroidManifest.xml:25:5-29:19
MERGED from [com.android.support:recyclerview-v7:26.1.0] AndroidManifest.xml:22:5-26:19
MERGED from [com.android.support:recyclerview-v7:26.1.0] AndroidManifest.xml:22:5-26:19
MERGED from [com.android.support:animated-vector-drawable:26.1.0] AndroidManifest.xml:22:5-26:19
MERGED from [com.android.support:animated-vector-drawable:26.1.0] AndroidManifest.xml:22:5-26:19
MERGED from [com.android.support:support-vector-drawable:26.1.0] AndroidManifest.xml:22:5-26:19
MERGED from [com.android.support:support-vector-drawable:26.1.0] AndroidManifest.xml:22:5-26:19
MERGED from [com.android.support:support-fragment:26.1.0] AndroidManifest.xml:25:5-29:19
MERGED from [com.android.support:support-fragment:26.1.0] AndroidManifest.xml:25:5-29:19
MERGED from [com.android.support:support-core-ui:26.1.0] AndroidManifest.xml:25:5-29:19
MERGED from [com.android.support:support-core-ui:26.1.0] AndroidManifest.xml:25:5-29:19
MERGED from [com.android.support:support-media-compat:26.1.0] AndroidManifest.xml:25:5-29:19
MERGED from [com.android.support:support-media-compat:26.1.0] AndroidManifest.xml:25:5-29:19
MERGED from [com.android.support:support-core-utils:26.1.0] AndroidManifest.xml:25:5-29:19
MERGED from [com.android.support:support-core-utils:26.1.0] AndroidManifest.xml:25:5-29:19
MERGED from [com.android.support:support-compat:26.1.0] AndroidManifest.xml:25:5-29:19
MERGED from [com.android.support:support-compat:26.1.0] AndroidManifest.xml:25:5-29:19
MERGED from [android.arch.lifecycle:runtime:1.0.0] AndroidManifest.xml:24:5-28:19
MERGED from [android.arch.lifecycle:runtime:1.0.0] AndroidManifest.xml:24:5-28:19
	android:supportsRtl
		ADDED from [com.github.eltos:simpledialogfragment:2.2] AndroidManifest.xml:13:9-35
	android:label
		ADDED from src\main\AndroidManifest.xml:34:9-41
	android:largeHeap
		ADDED from src\main\AndroidManifest.xml:35:9-33
	android:icon
		ADDED from src\main\AndroidManifest.xml:33:9-46
		REJECTED from [com.bakerj:backgrounddark-popupwindow:1.0.0] AndroidManifest.xml:13:9-45
	android:allowBackup
		ADDED from src\main\AndroidManifest.xml:32:9-35
	android:theme
		ADDED from src\main\AndroidManifest.xml:36:9-51
		REJECTED from [com.bakerj:backgrounddark-popupwindow:1.0.0] AndroidManifest.xml:15:9-40
	tools:replace
		ADDED from src\main\AndroidManifest.xml:37:9-51
	android:name
		ADDED from src\main\AndroidManifest.xml:31:9-46
activity#mobile.a3tech.com.a3tech.activity.SecuriteFragment
ADDED from src\main\AndroidManifest.xml:38:9-40:48
	android:label
		ADDED from src\main\AndroidManifest.xml:40:13-45
	android:name
		ADDED from src\main\AndroidManifest.xml:39:13-54
activity#mobile.a3tech.com.a3tech.activity.LangueFragment
ADDED from src\main\AndroidManifest.xml:41:9-43:48
	android:label
		ADDED from src\main\AndroidManifest.xml:43:13-45
	android:name
		ADDED from src\main\AndroidManifest.xml:42:13-52
activity#mobile.a3tech.com.a3tech.activity.AproposFragment
ADDED from src\main\AndroidManifest.xml:44:9-46:48
	android:label
		ADDED from src\main\AndroidManifest.xml:46:13-45
	android:name
		ADDED from src\main\AndroidManifest.xml:45:13-53
activity#mobile.a3tech.com.a3tech.activity.NotificationsFragment
ADDED from src\main\AndroidManifest.xml:47:9-49:48
	android:label
		ADDED from src\main\AndroidManifest.xml:49:13-45
	android:name
		ADDED from src\main\AndroidManifest.xml:48:13-59
activity#mobile.a3tech.com.a3tech.activity.ProfilFragment
ADDED from src\main\AndroidManifest.xml:50:9-52:48
	android:label
		ADDED from src\main\AndroidManifest.xml:52:13-45
	android:name
		ADDED from src\main\AndroidManifest.xml:51:13-52
activity#mobile.a3tech.com.a3tech.activity.DetailAssociationPagerActivity
ADDED from src\main\AndroidManifest.xml:53:9-55:48
	android:label
		ADDED from src\main\AndroidManifest.xml:55:13-45
	android:name
		ADDED from src\main\AndroidManifest.xml:54:13-68
activity#mobile.a3tech.com.a3tech.activity.DetailOffreActivity
ADDED from src\main\AndroidManifest.xml:56:9-58:48
	android:label
		ADDED from src\main\AndroidManifest.xml:58:13-45
	android:name
		ADDED from src\main\AndroidManifest.xml:57:13-57
activity#mobile.a3tech.com.a3tech.activity.FullScreenViewActivity
ADDED from src\main\AndroidManifest.xml:59:9-62:52
	android:screenOrientation
		ADDED from src\main\AndroidManifest.xml:62:13-49
	android:label
		ADDED from src\main\AndroidManifest.xml:61:13-45
	android:name
		ADDED from src\main\AndroidManifest.xml:60:13-60
activity#mobile.a3tech.com.a3tech.activity.FacebookActivity
ADDED from src\main\AndroidManifest.xml:63:9-66:52
	android:screenOrientation
		ADDED from src\main\AndroidManifest.xml:66:13-49
	android:label
		ADDED from src\main\AndroidManifest.xml:65:13-45
	android:name
		ADDED from src\main\AndroidManifest.xml:64:13-54
activity#mobile.a3tech.com.a3tech.activity.A3techSplashActivity
ADDED from src\main\AndroidManifest.xml:67:9-77:20
	android:screenOrientation
		ADDED from src\main\AndroidManifest.xml:70:13-49
	android:label
		ADDED from src\main\AndroidManifest.xml:69:13-45
	android:theme
		ADDED from src\main\AndroidManifest.xml:71:13-59
	android:name
		ADDED from src\main\AndroidManifest.xml:68:13-58
intent-filter#action:name:android.intent.action.MAIN+category:name:android.intent.category.LAUNCHER
ADDED from src\main\AndroidManifest.xml:72:13-76:29
action#android.intent.action.MAIN
ADDED from src\main\AndroidManifest.xml:73:17-69
	android:name
		ADDED from src\main\AndroidManifest.xml:73:25-66
category#android.intent.category.LAUNCHER
ADDED from src\main\AndroidManifest.xml:75:17-77
	android:name
		ADDED from src\main\AndroidManifest.xml:75:27-74
activity#mobile.a3tech.com.a3tech.activity.ItinerairMap
ADDED from src\main\AndroidManifest.xml:78:9-81:52
	android:screenOrientation
		ADDED from src\main\AndroidManifest.xml:81:13-49
	android:label
		ADDED from src\main\AndroidManifest.xml:80:13-45
	android:name
		ADDED from src\main\AndroidManifest.xml:79:13-50
activity#mobile.a3tech.com.a3tech.activity.A3techLoginActivity
ADDED from src\main\AndroidManifest.xml:82:9-85:52
	android:screenOrientation
		ADDED from src\main\AndroidManifest.xml:85:13-49
	android:label
		ADDED from src\main\AndroidManifest.xml:84:13-45
	android:name
		ADDED from src\main\AndroidManifest.xml:83:13-57
activity#mobile.a3tech.com.a3tech.activity.DetailServiceViewPagerFragment
ADDED from src\main\AndroidManifest.xml:86:9-89:52
	android:screenOrientation
		ADDED from src\main\AndroidManifest.xml:89:13-49
	android:label
		ADDED from src\main\AndroidManifest.xml:88:13-45
	android:name
		ADDED from src\main\AndroidManifest.xml:87:13-68
activity#mobile.a3tech.com.a3tech.activity.InscriptionActivity
ADDED from src\main\AndroidManifest.xml:90:9-93:52
	android:screenOrientation
		ADDED from src\main\AndroidManifest.xml:93:13-49
	android:label
		ADDED from src\main\AndroidManifest.xml:92:13-45
	android:name
		ADDED from src\main\AndroidManifest.xml:91:13-57
activity#mobile.a3tech.com.a3tech.activity.PostageActivityStep1
ADDED from src\main\AndroidManifest.xml:94:9-97:52
	android:screenOrientation
		ADDED from src\main\AndroidManifest.xml:97:13-49
	android:label
		ADDED from src\main\AndroidManifest.xml:96:13-45
	android:name
		ADDED from src\main\AndroidManifest.xml:95:13-58
activity#mobile.a3tech.com.a3tech.activity.PostageActivityStep2
ADDED from src\main\AndroidManifest.xml:98:9-101:52
	android:screenOrientation
		ADDED from src\main\AndroidManifest.xml:101:13-49
	android:label
		ADDED from src\main\AndroidManifest.xml:100:13-45
	android:name
		ADDED from src\main\AndroidManifest.xml:99:13-58
activity#mobile.a3tech.com.a3tech.activity.MessageGcmActivity
ADDED from src\main\AndroidManifest.xml:102:9-104:48
	android:label
		ADDED from src\main\AndroidManifest.xml:104:13-45
	android:name
		ADDED from src\main\AndroidManifest.xml:103:13-56
activity#mobile.a3tech.com.a3tech.activity.NavigationMain
ADDED from src\main\AndroidManifest.xml:105:9-109:52
	android:screenOrientation
		ADDED from src\main\AndroidManifest.xml:109:13-49
	android:label
		ADDED from src\main\AndroidManifest.xml:107:13-45
	android:launchMode
		ADDED from src\main\AndroidManifest.xml:108:13-43
	android:name
		ADDED from src\main\AndroidManifest.xml:106:13-52
activity#mobile.a3tech.com.a3tech.activity.ReseauxFragment
ADDED from src\main\AndroidManifest.xml:110:9-113:52
	android:screenOrientation
		ADDED from src\main\AndroidManifest.xml:113:13-49
	android:label
		ADDED from src\main\AndroidManifest.xml:112:13-45
	android:name
		ADDED from src\main\AndroidManifest.xml:111:13-53
activity#mobile.a3tech.com.a3tech.activity.MapActivity
ADDED from src\main\AndroidManifest.xml:114:9-129:20
	android:screenOrientation
		ADDED from src\main\AndroidManifest.xml:118:13-49
	android:label
		ADDED from src\main\AndroidManifest.xml:116:13-45
	android:launchMode
		ADDED from src\main\AndroidManifest.xml:117:13-43
	android:name
		ADDED from src\main\AndroidManifest.xml:115:13-49
intent-filter#action:name:android.intent.action.SEARCH
ADDED from src\main\AndroidManifest.xml:119:13-121:29
action#android.intent.action.SEARCH
ADDED from src\main\AndroidManifest.xml:120:17-71
	android:name
		ADDED from src\main\AndroidManifest.xml:120:25-68
meta-data#android.app.default_searchable
ADDED from src\main\AndroidManifest.xml:123:13-125:57
	android:value
		ADDED from src\main\AndroidManifest.xml:125:17-54
	android:name
		ADDED from src\main\AndroidManifest.xml:124:17-62
meta-data#android.app.searchable
ADDED from src\main\AndroidManifest.xml:126:13-128:54
	android:resource
		ADDED from src\main\AndroidManifest.xml:128:17-51
	android:name
		ADDED from src\main\AndroidManifest.xml:127:17-54
activity#mobile.a3tech.com.a3tech.activity.YoutubeActivity
ADDED from src\main\AndroidManifest.xml:130:9-132:48
	android:label
		ADDED from src\main\AndroidManifest.xml:132:13-45
	android:name
		ADDED from src\main\AndroidManifest.xml:131:13-53
provider#mobile.a3tech.com.a3tech.map.PlaceProvider
ADDED from src\main\AndroidManifest.xml:134:9-137:40
	android:authorities
		ADDED from src\main\AndroidManifest.xml:136:13-53
	android:exported
		ADDED from src\main\AndroidManifest.xml:137:13-37
	android:name
		ADDED from src\main\AndroidManifest.xml:135:13-46
receiver#com.google.android.gcm.GCMBroadcastReceiver
ADDED from src\main\AndroidManifest.xml:139:9-148:20
	android:permission
		ADDED from src\main\AndroidManifest.xml:141:13-73
	android:name
		ADDED from src\main\AndroidManifest.xml:140:13-71
intent-filter#action:name:com.google.android.c2dm.intent.RECEIVE+action:name:com.google.android.c2dm.intent.REGISTRATION+category:name:mobile.a3tech.com.a3tech
ADDED from src\main\AndroidManifest.xml:142:13-147:29
action#com.google.android.c2dm.intent.RECEIVE
ADDED from src\main\AndroidManifest.xml:143:17-81
	android:name
		ADDED from src\main\AndroidManifest.xml:143:25-78
action#com.google.android.c2dm.intent.REGISTRATION
ADDED from src\main\AndroidManifest.xml:144:17-86
	android:name
		ADDED from src\main\AndroidManifest.xml:144:25-83
category#mobile.a3tech.com.a3tech
ADDED from src\main\AndroidManifest.xml:146:17-69
	android:name
		ADDED from src\main\AndroidManifest.xml:146:27-66
service#mobile.a3tech.com.a3tech.GCMIntentService
ADDED from src\main\AndroidManifest.xml:150:9-53
	android:name
		ADDED from src\main\AndroidManifest.xml:150:18-50
activity#mobile.a3tech.com.a3tech.activity.A3techCreateAccountActivity
ADDED from src\main\AndroidManifest.xml:152:9-154:72
	android:theme
		ADDED from src\main\AndroidManifest.xml:154:13-69
	android:name
		ADDED from src\main\AndroidManifest.xml:153:13-65
activity#mobile.a3tech.com.a3tech.activity.A3techHomeActivity
ADDED from src\main\AndroidManifest.xml:155:9-157:72
	android:theme
		ADDED from src\main\AndroidManifest.xml:157:13-69
	android:name
		ADDED from src\main\AndroidManifest.xml:156:13-56
activity#mobile.a3tech.com.a3tech.activity.A3techSignInActivity
ADDED from src\main\AndroidManifest.xml:158:9-160:72
	android:theme
		ADDED from src\main\AndroidManifest.xml:160:13-69
	android:name
		ADDED from src\main\AndroidManifest.xml:159:13-58
activity#mobile.a3tech.com.a3tech.activity.A3techViewEditProfilActivity
ADDED from src\main\AndroidManifest.xml:161:9-163:72
	android:theme
		ADDED from src\main\AndroidManifest.xml:163:13-69
	android:name
		ADDED from src\main\AndroidManifest.xml:162:13-66
activity#mobile.a3tech.com.a3tech.activity.A3techAddMissionActivity
ADDED from src\main\AndroidManifest.xml:164:9-166:72
	android:theme
		ADDED from src\main\AndroidManifest.xml:166:13-69
	android:name
		ADDED from src\main\AndroidManifest.xml:165:13-62
uses-sdk
INJECTED from src\main\AndroidManifest.xml reason: use-sdk injection requested
INJECTED from src\main\AndroidManifest.xml
INJECTED from src\main\AndroidManifest.xml
MERGED from [com.aurelhubert:ahbottomnavigation:2.0.4] AndroidManifest.xml:7:5-9:41
MERGED from [com.aurelhubert:ahbottomnavigation:2.0.4] AndroidManifest.xml:7:5-9:41
MERGED from [com.github.eltos:simpledialogfragment:2.2] AndroidManifest.xml:7:5-9:41
MERGED from [com.github.eltos:simpledialogfragment:2.2] AndroidManifest.xml:7:5-9:41
MERGED from [com.android.support:design:26.1.0] AndroidManifest.xml:21:5-23:62
MERGED from [com.android.support:design:26.1.0] AndroidManifest.xml:21:5-23:62
MERGED from [com.bakerj:backgrounddark-popupwindow:1.0.0] AndroidManifest.xml:7:5-9:41
MERGED from [com.bakerj:backgrounddark-popupwindow:1.0.0] AndroidManifest.xml:7:5-9:41
MERGED from [com.android.support:appcompat-v7:26.1.0] AndroidManifest.xml:21:5-23:78
MERGED from [com.android.support:appcompat-v7:26.1.0] AndroidManifest.xml:21:5-23:78
MERGED from [com.android.support.constraint:constraint-layout:1.1.3] AndroidManifest.xml:5:5-7:41
MERGED from [com.android.support.constraint:constraint-layout:1.1.3] AndroidManifest.xml:5:5-7:41
MERGED from [com.google.android.gms:play-services-maps:15.0.1] AndroidManifest.xml:20:5-44
MERGED from [com.google.android.gms:play-services-maps:15.0.1] AndroidManifest.xml:20:5-44
MERGED from [com.google.android.gms:play-services-plus:15.0.1] AndroidManifest.xml:20:5-44
MERGED from [com.google.android.gms:play-services-plus:15.0.1] AndroidManifest.xml:20:5-44
MERGED from [com.google.android.gms:play-services-games:15.0.1] AndroidManifest.xml:20:5-44
MERGED from [com.google.android.gms:play-services-games:15.0.1] AndroidManifest.xml:20:5-44
MERGED from [com.android.support:multidex:1.0.3] AndroidManifest.xml:20:5-43
MERGED from [com.android.support:multidex:1.0.3] AndroidManifest.xml:20:5-43
MERGED from [com.facebook.android:facebook-android-sdk:4.0.0] AndroidManifest.xml:24:5-26:41
MERGED from [com.facebook.android:facebook-android-sdk:4.0.0] AndroidManifest.xml:24:5-26:41
MERGED from [de.hdodenhof:circleimageview:1.3.0] AndroidManifest.xml:5:5-7:41
MERGED from [de.hdodenhof:circleimageview:1.3.0] AndroidManifest.xml:5:5-7:41
MERGED from [com.google.android.gms:play-services-audience:15.0.1] AndroidManifest.xml:20:5-44
MERGED from [com.google.android.gms:play-services-audience:15.0.1] AndroidManifest.xml:20:5-44
MERGED from [com.google.android.gms:play-services-drive:15.0.1] AndroidManifest.xml:20:5-44
MERGED from [com.google.android.gms:play-services-drive:15.0.1] AndroidManifest.xml:20:5-44
MERGED from [com.google.android.gms:play-services-base:15.0.1] AndroidManifest.xml:20:5-44
MERGED from [com.google.android.gms:play-services-base:15.0.1] AndroidManifest.xml:20:5-44
MERGED from [com.google.android.gms:play-services-tasks:15.0.1] AndroidManifest.xml:5:5-44
MERGED from [com.google.android.gms:play-services-tasks:15.0.1] AndroidManifest.xml:5:5-44
MERGED from [com.google.android.gms:play-services-basement:15.0.1] AndroidManifest.xml:20:5-44
MERGED from [com.google.android.gms:play-services-basement:15.0.1] AndroidManifest.xml:20:5-44
MERGED from [com.android.support:transition:26.1.0] AndroidManifest.xml:20:5-44
MERGED from [com.android.support:transition:26.1.0] AndroidManifest.xml:20:5-44
MERGED from [com.android.support:support-v4:26.1.0] AndroidManifest.xml:21:5-23:54
MERGED from [com.android.support:support-v4:26.1.0] AndroidManifest.xml:21:5-23:54
MERGED from [com.android.support:recyclerview-v7:26.1.0] AndroidManifest.xml:20:5-44
MERGED from [com.android.support:recyclerview-v7:26.1.0] AndroidManifest.xml:20:5-44
MERGED from [com.android.support:animated-vector-drawable:26.1.0] AndroidManifest.xml:20:5-44
MERGED from [com.android.support:animated-vector-drawable:26.1.0] AndroidManifest.xml:20:5-44
MERGED from [com.android.support:support-vector-drawable:26.1.0] AndroidManifest.xml:20:5-44
MERGED from [com.android.support:support-vector-drawable:26.1.0] AndroidManifest.xml:20:5-44
MERGED from [com.android.support:support-fragment:26.1.0] AndroidManifest.xml:21:5-23:60
MERGED from [com.android.support:support-fragment:26.1.0] AndroidManifest.xml:21:5-23:60
MERGED from [com.android.support:support-core-ui:26.1.0] AndroidManifest.xml:21:5-23:58
MERGED from [com.android.support:support-core-ui:26.1.0] AndroidManifest.xml:21:5-23:58
MERGED from [com.android.support:support-media-compat:26.1.0] AndroidManifest.xml:21:5-23:63
MERGED from [com.android.support:support-media-compat:26.1.0] AndroidManifest.xml:21:5-23:63
MERGED from [com.android.support:support-core-utils:26.1.0] AndroidManifest.xml:21:5-23:61
MERGED from [com.android.support:support-core-utils:26.1.0] AndroidManifest.xml:21:5-23:61
MERGED from [com.android.support:support-compat:26.1.0] AndroidManifest.xml:21:5-23:58
MERGED from [com.android.support:support-compat:26.1.0] AndroidManifest.xml:21:5-23:58
MERGED from [android.arch.lifecycle:runtime:1.0.0] AndroidManifest.xml:20:5-22:41
MERGED from [android.arch.lifecycle:runtime:1.0.0] AndroidManifest.xml:20:5-22:41
INJECTED from src\main\AndroidManifest.xml
INJECTED from src\main\AndroidManifest.xml
	tools:overrideLibrary
		ADDED from [com.android.support:design:26.1.0] AndroidManifest.xml:23:9-59
	android:targetSdkVersion
		INJECTED from src\main\AndroidManifest.xml
		ADDED from src\main\AndroidManifest.xml
		INJECTED from src\main\AndroidManifest.xml
	android:minSdkVersion
		INJECTED from src\main\AndroidManifest.xml
		ADDED from src\main\AndroidManifest.xml
		INJECTED from src\main\AndroidManifest.xml
meta-data#android.support.VERSION
ADDED from [com.android.support:design:26.1.0] AndroidManifest.xml:26:9-28:38
MERGED from [com.android.support:appcompat-v7:26.1.0] AndroidManifest.xml:26:9-28:38
MERGED from [com.android.support:appcompat-v7:26.1.0] AndroidManifest.xml:26:9-28:38
MERGED from [com.android.support:transition:26.1.0] AndroidManifest.xml:23:9-25:38
MERGED from [com.android.support:transition:26.1.0] AndroidManifest.xml:23:9-25:38
MERGED from [com.android.support:support-v4:26.1.0] AndroidManifest.xml:26:9-28:38
MERGED from [com.android.support:support-v4:26.1.0] AndroidManifest.xml:26:9-28:38
MERGED from [com.android.support:recyclerview-v7:26.1.0] AndroidManifest.xml:23:9-25:38
MERGED from [com.android.support:recyclerview-v7:26.1.0] AndroidManifest.xml:23:9-25:38
MERGED from [com.android.support:animated-vector-drawable:26.1.0] AndroidManifest.xml:23:9-25:38
MERGED from [com.android.support:animated-vector-drawable:26.1.0] AndroidManifest.xml:23:9-25:38
MERGED from [com.android.support:support-vector-drawable:26.1.0] AndroidManifest.xml:23:9-25:38
MERGED from [com.android.support:support-vector-drawable:26.1.0] AndroidManifest.xml:23:9-25:38
MERGED from [com.android.support:support-fragment:26.1.0] AndroidManifest.xml:26:9-28:38
MERGED from [com.android.support:support-fragment:26.1.0] AndroidManifest.xml:26:9-28:38
MERGED from [com.android.support:support-core-ui:26.1.0] AndroidManifest.xml:26:9-28:38
MERGED from [com.android.support:support-core-ui:26.1.0] AndroidManifest.xml:26:9-28:38
MERGED from [com.android.support:support-media-compat:26.1.0] AndroidManifest.xml:26:9-28:38
MERGED from [com.android.support:support-media-compat:26.1.0] AndroidManifest.xml:26:9-28:38
MERGED from [com.android.support:support-core-utils:26.1.0] AndroidManifest.xml:26:9-28:38
MERGED from [com.android.support:support-core-utils:26.1.0] AndroidManifest.xml:26:9-28:38
MERGED from [com.android.support:support-compat:26.1.0] AndroidManifest.xml:26:9-28:38
MERGED from [com.android.support:support-compat:26.1.0] AndroidManifest.xml:26:9-28:38
	android:value
		ADDED from [com.android.support:design:26.1.0] AndroidManifest.xml:28:13-35
	android:name
		ADDED from [com.android.support:design:26.1.0] AndroidManifest.xml:27:13-51
uses-feature#0x00020000
ADDED from [com.google.android.gms:play-services-maps:15.0.1] AndroidManifest.xml:26:5-28:35